{"/Users/jeff/dev_projects/Coding_Agent_worklfow/frontend/vite.config.ts": {"path":"/Users/jeff/dev_projects/Coding_Agent_worklfow/frontend/vite.config.ts","all":true,"statementMap":{"0":{"start":{"line":1,"column":0},"end":{"line":1,"column":36}},"1":{"start":{"line":2,"column":0},"end":{"line":2,"column":41}},"3":{"start":{"line":4,"column":0},"end":{"line":4,"column":29}},"4":{"start":{"line":5,"column":0},"end":{"line":5,"column":21}},"5":{"start":{"line":6,"column":0},"end":{"line":6,"column":11}},"6":{"start":{"line":7,"column":0},"end":{"line":7,"column":15}},"7":{"start":{"line":8,"column":0},"end":{"line":8,"column":4}},"8":{"start":{"line":9,"column":0},"end":{"line":9,"column":11}},"9":{"start":{"line":10,"column":0},"end":{"line":10,"column":69}},"10":{"start":{"line":11,"column":0},"end":{"line":11,"column":4}},"11":{"start":{"line":12,"column":0},"end":{"line":12,"column":3}}},"s":{"0":0,"1":0,"3":0,"4":0,"5":0,"6":0,"7":0,"8":0,"9":0,"10":0,"11":0},"branchMap":{"0":{"type":"branch","line":1,"loc":{"start":{"line":1,"column":0},"end":{"line":12,"column":-144}},"locations":[{"start":{"line":1,"column":0},"end":{"line":12,"column":-144}}]}},"b":{"0":[0]},"fnMap":{"0":{"name":"(empty-report)","decl":{"start":{"line":1,"column":0},"end":{"line":12,"column":-144}},"loc":{"start":{"line":1,"column":0},"end":{"line":12,"column":-144}},"line":1}},"f":{"0":0}}
,"/Users/jeff/dev_projects/Coding_Agent_worklfow/frontend/vitest.config.ts": {"path":"/Users/jeff/dev_projects/Coding_Agent_worklfow/frontend/vitest.config.ts","all":true,"statementMap":{"0":{"start":{"line":1,"column":0},"end":{"line":1,"column":45}},"1":{"start":{"line":2,"column":0},"end":{"line":2,"column":41}},"3":{"start":{"line":4,"column":0},"end":{"line":4,"column":29}},"4":{"start":{"line":5,"column":0},"end":{"line":5,"column":21}},"5":{"start":{"line":6,"column":0},"end":{"line":6,"column":9}},"6":{"start":{"line":7,"column":0},"end":{"line":7,"column":25}},"7":{"start":{"line":8,"column":0},"end":{"line":8,"column":38}},"8":{"start":{"line":9,"column":0},"end":{"line":9,"column":18}},"9":{"start":{"line":10,"column":0},"end":{"line":10,"column":14}},"10":{"start":{"line":11,"column":0},"end":{"line":11,"column":15}},"11":{"start":{"line":12,"column":0},"end":{"line":12,"column":21}},"12":{"start":{"line":13,"column":0},"end":{"line":13,"column":19}},"13":{"start":{"line":14,"column":0},"end":{"line":14,"column":23}},"14":{"start":{"line":15,"column":0},"end":{"line":15,"column":21}},"15":{"start":{"line":16,"column":0},"end":{"line":16,"column":22}},"16":{"start":{"line":17,"column":0},"end":{"line":17,"column":18}},"17":{"start":{"line":18,"column":0},"end":{"line":18,"column":8}},"18":{"start":{"line":19,"column":0},"end":{"line":19,"column":48}},"19":{"start":{"line":20,"column":0},"end":{"line":20,"column":6}},"20":{"start":{"line":21,"column":0},"end":{"line":21,"column":4}},"21":{"start":{"line":22,"column":0},"end":{"line":22,"column":3}}},"s":{"0":0,"1":0,"3":0,"4":0,"5":0,"6":0,"7":0,"8":0,"9":0,"10":0,"11":0,"12":0,"13":0,"14":0,"15":0,"16":0,"17":0,"18":0,"19":0,"20":0,"21":0},"branchMap":{"0":{"type":"branch","line":1,"loc":{"start":{"line":1,"column":0},"end":{"line":22,"column":-184}},"locations":[{"start":{"line":1,"column":0},"end":{"line":22,"column":-184}}]}},"b":{"0":[0]},"fnMap":{"0":{"name":"(empty-report)","decl":{"start":{"line":1,"column":0},"end":{"line":22,"column":-184}},"loc":{"start":{"line":1,"column":0},"end":{"line":22,"column":-184}},"line":1}},"f":{"0":0}}
,"/Users/jeff/dev_projects/Coding_Agent_worklfow/frontend/src/App.test.tsx": {"path":"/Users/jeff/dev_projects/Coding_Agent_worklfow/frontend/src/App.test.tsx","all":false,"statementMap":{"0":{"start":{"line":1,"column":0},"end":{"line":1,"column":76}},"1":{"start":{"line":2,"column":0},"end":{"line":2,"column":62}},"2":{"start":{"line":3,"column":0},"end":{"line":3,"column":24}},"6":{"start":{"line":7,"column":0},"end":{"line":7,"column":22}},"7":{"start":{"line":8,"column":0},"end":{"line":8,"column":17}},"8":{"start":{"line":9,"column":0},"end":{"line":9,"column":65}},"9":{"start":{"line":10,"column":0},"end":{"line":10,"column":78}},"10":{"start":{"line":11,"column":0},"end":{"line":11,"column":24}},"11":{"start":{"line":12,"column":0},"end":{"line":12,"column":24}},"12":{"start":{"line":13,"column":0},"end":{"line":13,"column":21}},"13":{"start":{"line":14,"column":0},"end":{"line":14,"column":2}},"15":{"start":{"line":16,"column":0},"end":{"line":16,"column":21}},"16":{"start":{"line":17,"column":0},"end":{"line":17,"column":36}},"17":{"start":{"line":18,"column":0},"end":{"line":18,"column":46}},"18":{"start":{"line":19,"column":0},"end":{"line":19,"column":54}},"19":{"start":{"line":20,"column":0},"end":{"line":20,"column":71}},"20":{"start":{"line":21,"column":0},"end":{"line":21,"column":24}},"21":{"start":{"line":22,"column":0},"end":{"line":22,"column":2}},"23":{"start":{"line":24,"column":0},"end":{"line":24,"column":45}},"24":{"start":{"line":25,"column":0},"end":{"line":25,"column":89}},"25":{"start":{"line":26,"column":0},"end":{"line":26,"column":1}},"27":{"start":{"line":28,"column":0},"end":{"line":28,"column":51}},"28":{"start":{"line":29,"column":0},"end":{"line":29,"column":48}},"29":{"start":{"line":30,"column":0},"end":{"line":30,"column":11}},"30":{"start":{"line":31,"column":0},"end":{"line":31,"column":52}},"31":{"start":{"line":32,"column":0},"end":{"line":32,"column":5}},"32":{"start":{"line":33,"column":0},"end":{"line":33,"column":1}},"34":{"start":{"line":35,"column":0},"end":{"line":35,"column":18}},"35":{"start":{"line":36,"column":0},"end":{"line":36,"column":23}},"36":{"start":{"line":37,"column":0},"end":{"line":37,"column":3}},"38":{"start":{"line":39,"column":0},"end":{"line":39,"column":23}},"39":{"start":{"line":40,"column":0},"end":{"line":40,"column":56}},"40":{"start":{"line":41,"column":0},"end":{"line":41,"column":44}},"41":{"start":{"line":42,"column":0},"end":{"line":42,"column":134}},"42":{"start":{"line":43,"column":0},"end":{"line":43,"column":40}},"43":{"start":{"line":44,"column":0},"end":{"line":44,"column":7}},"44":{"start":{"line":45,"column":0},"end":{"line":45,"column":45}},"46":{"start":{"line":47,"column":0},"end":{"line":47,"column":20}},"48":{"start":{"line":49,"column":0},"end":{"line":49,"column":65}},"49":{"start":{"line":50,"column":0},"end":{"line":50,"column":5}},"51":{"start":{"line":52,"column":0},"end":{"line":52,"column":47}},"52":{"start":{"line":53,"column":0},"end":{"line":53,"column":50}},"53":{"start":{"line":54,"column":0},"end":{"line":54,"column":134}},"54":{"start":{"line":55,"column":0},"end":{"line":55,"column":72}},"55":{"start":{"line":56,"column":0},"end":{"line":56,"column":67}},"56":{"start":{"line":57,"column":0},"end":{"line":57,"column":47}},"57":{"start":{"line":58,"column":0},"end":{"line":58,"column":7}},"58":{"start":{"line":59,"column":0},"end":{"line":59,"column":45}},"60":{"start":{"line":61,"column":0},"end":{"line":61,"column":20}},"61":{"start":{"line":62,"column":0},"end":{"line":62,"column":75}},"62":{"start":{"line":63,"column":0},"end":{"line":63,"column":30}},"63":{"start":{"line":64,"column":0},"end":{"line":64,"column":44}},"65":{"start":{"line":66,"column":0},"end":{"line":66,"column":77}},"66":{"start":{"line":67,"column":0},"end":{"line":67,"column":30}},"68":{"start":{"line":69,"column":0},"end":{"line":69,"column":85}},"69":{"start":{"line":70,"column":0},"end":{"line":70,"column":5}},"71":{"start":{"line":72,"column":0},"end":{"line":72,"column":51}},"72":{"start":{"line":73,"column":0},"end":{"line":73,"column":44}},"73":{"start":{"line":74,"column":0},"end":{"line":74,"column":134}},"74":{"start":{"line":75,"column":0},"end":{"line":75,"column":37}},"75":{"start":{"line":76,"column":0},"end":{"line":76,"column":98}},"76":{"start":{"line":77,"column":0},"end":{"line":77,"column":30}},"77":{"start":{"line":78,"column":0},"end":{"line":78,"column":7}},"78":{"start":{"line":79,"column":0},"end":{"line":79,"column":45}},"80":{"start":{"line":81,"column":0},"end":{"line":81,"column":20}},"81":{"start":{"line":82,"column":0},"end":{"line":82,"column":75}},"82":{"start":{"line":83,"column":0},"end":{"line":83,"column":30}},"84":{"start":{"line":85,"column":0},"end":{"line":85,"column":25}},"85":{"start":{"line":86,"column":0},"end":{"line":86,"column":67}},"86":{"start":{"line":87,"column":0},"end":{"line":87,"column":7}},"87":{"start":{"line":88,"column":0},"end":{"line":88,"column":5}},"88":{"start":{"line":89,"column":0},"end":{"line":89,"column":3}}},"s":{"0":1,"1":1,"2":1,"6":1,"7":1,"8":1,"9":1,"10":1,"11":1,"12":1,"13":1,"15":1,"16":1,"17":1,"18":1,"19":1,"20":1,"21":1,"23":3,"24":3,"25":3,"27":6,"28":6,"29":6,"30":6,"31":6,"32":6,"34":1,"35":3,"36":3,"38":1,"39":1,"40":1,"41":1,"42":0,"43":1,"44":1,"46":1,"48":1,"49":1,"51":1,"52":1,"53":3,"54":3,"55":1,"56":0,"57":1,"58":1,"60":1,"61":1,"62":1,"63":1,"65":1,"66":1,"68":1,"69":1,"71":1,"72":1,"73":2,"74":1,"75":1,"76":0,"77":1,"78":1,"80":1,"81":1,"82":1,"84":1,"85":2,"86":1,"87":1,"88":1},"branchMap":{"0":{"type":"branch","line":9,"loc":{"start":{"line":9,"column":35},"end":{"line":9,"column":63}},"locations":[{"start":{"line":9,"column":35},"end":{"line":9,"column":63}}]},"1":{"type":"branch","line":10,"loc":{"start":{"line":10,"column":48},"end":{"line":10,"column":76}},"locations":[{"start":{"line":10,"column":48},"end":{"line":10,"column":76}}]},"2":{"type":"branch","line":24,"loc":{"start":{"line":24,"column":0},"end":{"line":26,"column":1}},"locations":[{"start":{"line":24,"column":0},"end":{"line":26,"column":1}}]},"3":{"type":"branch","line":25,"loc":{"start":{"line":25,"column":15},"end":{"line":25,"column":87}},"locations":[{"start":{"line":25,"column":15},"end":{"line":25,"column":87}}]},"4":{"type":"branch","line":28,"loc":{"start":{"line":28,"column":0},"end":{"line":33,"column":1}},"locations":[{"start":{"line":28,"column":0},"end":{"line":33,"column":1}}]},"5":{"type":"branch","line":35,"loc":{"start":{"line":35,"column":11},"end":{"line":37,"column":3}},"locations":[{"start":{"line":35,"column":11},"end":{"line":37,"column":3}}]},"6":{"type":"branch","line":39,"loc":{"start":{"line":39,"column":16},"end":{"line":89,"column":3}},"locations":[{"start":{"line":39,"column":16},"end":{"line":89,"column":3}}]},"7":{"type":"branch","line":40,"loc":{"start":{"line":40,"column":43},"end":{"line":50,"column":3}},"locations":[{"start":{"line":40,"column":43},"end":{"line":50,"column":3}}]},"8":{"type":"branch","line":41,"loc":{"start":{"line":41,"column":34},"end":{"line":44,"column":5}},"locations":[{"start":{"line":41,"column":34},"end":{"line":44,"column":5}}]},"9":{"type":"branch","line":42,"loc":{"start":{"line":42,"column":132},"end":{"line":43,"column":40}},"locations":[{"start":{"line":42,"column":132},"end":{"line":43,"column":40}}]},"10":{"type":"branch","line":52,"loc":{"start":{"line":52,"column":34},"end":{"line":70,"column":3}},"locations":[{"start":{"line":52,"column":34},"end":{"line":70,"column":3}}]},"11":{"type":"branch","line":53,"loc":{"start":{"line":53,"column":34},"end":{"line":58,"column":5}},"locations":[{"start":{"line":53,"column":34},"end":{"line":58,"column":5}}]},"12":{"type":"branch","line":54,"loc":{"start":{"line":54,"column":41},"end":{"line":54,"column":134}},"locations":[{"start":{"line":54,"column":41},"end":{"line":54,"column":134}}]},"13":{"type":"branch","line":54,"loc":{"start":{"line":54,"column":132},"end":{"line":55,"column":45}},"locations":[{"start":{"line":54,"column":132},"end":{"line":55,"column":45}}]},"14":{"type":"branch","line":55,"loc":{"start":{"line":55,"column":38},"end":{"line":56,"column":67}},"locations":[{"start":{"line":55,"column":38},"end":{"line":56,"column":67}}]},"15":{"type":"branch","line":56,"loc":{"start":{"line":56,"column":65},"end":{"line":57,"column":47}},"locations":[{"start":{"line":56,"column":65},"end":{"line":57,"column":47}}]},"16":{"type":"branch","line":69,"loc":{"start":{"line":69,"column":18},"end":{"line":69,"column":83}},"locations":[{"start":{"line":69,"column":18},"end":{"line":69,"column":83}}]},"17":{"type":"branch","line":72,"loc":{"start":{"line":72,"column":38},"end":{"line":88,"column":3}},"locations":[{"start":{"line":72,"column":38},"end":{"line":88,"column":3}}]},"18":{"type":"branch","line":73,"loc":{"start":{"line":73,"column":34},"end":{"line":78,"column":5}},"locations":[{"start":{"line":73,"column":34},"end":{"line":78,"column":5}}]},"19":{"type":"branch","line":74,"loc":{"start":{"line":74,"column":41},"end":{"line":76,"column":98}},"locations":[{"start":{"line":74,"column":41},"end":{"line":76,"column":98}}]},"20":{"type":"branch","line":76,"loc":{"start":{"line":76,"column":96},"end":{"line":77,"column":30}},"locations":[{"start":{"line":76,"column":96},"end":{"line":77,"column":30}}]},"21":{"type":"branch","line":85,"loc":{"start":{"line":85,"column":18},"end":{"line":87,"column":5}},"locations":[{"start":{"line":85,"column":18},"end":{"line":87,"column":5}}]}},"b":{"0":[2],"1":[2],"2":[3],"3":[6],"4":[6],"5":[3],"6":[1],"7":[1],"8":[1],"9":[0],"10":[1],"11":[3],"12":[1],"13":[2],"14":[1],"15":[0],"16":[2],"17":[1],"18":[2],"19":[1],"20":[0],"21":[2]},"fnMap":{"0":{"name":"makeFetcher","decl":{"start":{"line":24,"column":0},"end":{"line":26,"column":1}},"loc":{"start":{"line":24,"column":0},"end":{"line":26,"column":1}},"line":24},"1":{"name":"jsonResponse","decl":{"start":{"line":28,"column":0},"end":{"line":33,"column":1}},"loc":{"start":{"line":28,"column":0},"end":{"line":33,"column":1}},"line":28}},"f":{"0":3,"1":6}}
,"/Users/jeff/dev_projects/Coding_Agent_worklfow/frontend/src/App.tsx": {"path":"/Users/jeff/dev_projects/Coding_Agent_worklfow/frontend/src/App.tsx","all":false,"statementMap":{"0":{"start":{"line":1,"column":0},"end":{"line":1,"column":53}},"1":{"start":{"line":2,"column":0},"end":{"line":2,"column":90}},"11":{"start":{"line":12,"column":0},"end":{"line":12,"column":68}},"12":{"start":{"line":13,"column":0},"end":{"line":13,"column":10}},"13":{"start":{"line":14,"column":0},"end":{"line":14,"column":45}},"14":{"start":{"line":15,"column":0},"end":{"line":15,"column":63}},"15":{"start":{"line":16,"column":0},"end":{"line":16,"column":32}},"16":{"start":{"line":17,"column":0},"end":{"line":17,"column":12}},"17":{"start":{"line":18,"column":0},"end":{"line":18,"column":66}},"18":{"start":{"line":19,"column":0},"end":{"line":19,"column":31}},"19":{"start":{"line":20,"column":0},"end":{"line":20,"column":56}},"20":{"start":{"line":21,"column":0},"end":{"line":21,"column":35}},"21":{"start":{"line":22,"column":0},"end":{"line":22,"column":21}},"22":{"start":{"line":23,"column":0},"end":{"line":23,"column":33}},"23":{"start":{"line":24,"column":0},"end":{"line":24,"column":42}},"24":{"start":{"line":25,"column":0},"end":{"line":25,"column":35}},"25":{"start":{"line":26,"column":0},"end":{"line":26,"column":64}},"26":{"start":{"line":27,"column":0},"end":{"line":27,"column":64}},"28":{"start":{"line":29,"column":0},"end":{"line":29,"column":71}},"29":{"start":{"line":30,"column":0},"end":{"line":30,"column":23}},"30":{"start":{"line":31,"column":0},"end":{"line":31,"column":15}},"31":{"start":{"line":32,"column":0},"end":{"line":32,"column":16}},"32":{"start":{"line":33,"column":0},"end":{"line":33,"column":11}},"33":{"start":{"line":34,"column":0},"end":{"line":34,"column":12}},"34":{"start":{"line":35,"column":0},"end":{"line":35,"column":10}},"36":{"start":{"line":37,"column":0},"end":{"line":37,"column":1}},"43":{"start":{"line":44,"column":0},"end":{"line":44,"column":147}},"45":{"start":{"line":46,"column":0},"end":{"line":46,"column":58}},"46":{"start":{"line":47,"column":0},"end":{"line":47,"column":26}},"47":{"start":{"line":48,"column":0},"end":{"line":48,"column":29}},"48":{"start":{"line":49,"column":0},"end":{"line":49,"column":28}},"49":{"start":{"line":50,"column":0},"end":{"line":50,"column":25}},"50":{"start":{"line":51,"column":0},"end":{"line":51,"column":15}},"51":{"start":{"line":52,"column":0},"end":{"line":52,"column":21}},"52":{"start":{"line":53,"column":0},"end":{"line":53,"column":2}},"54":{"start":{"line":55,"column":0},"end":{"line":55,"column":16}},"55":{"start":{"line":56,"column":0},"end":{"line":56,"column":68}},"56":{"start":{"line":57,"column":0},"end":{"line":57,"column":78}},"57":{"start":{"line":58,"column":0},"end":{"line":58,"column":60}},"58":{"start":{"line":59,"column":0},"end":{"line":59,"column":70}},"59":{"start":{"line":60,"column":0},"end":{"line":60,"column":51}},"60":{"start":{"line":61,"column":0},"end":{"line":61,"column":48}},"61":{"start":{"line":62,"column":0},"end":{"line":62,"column":56}},"62":{"start":{"line":63,"column":0},"end":{"line":63,"column":58}},"63":{"start":{"line":64,"column":0},"end":{"line":64,"column":136}},"64":{"start":{"line":65,"column":0},"end":{"line":65,"column":86}},"66":{"start":{"line":67,"column":0},"end":{"line":67,"column":19}},"67":{"start":{"line":68,"column":0},"end":{"line":68,"column":20}},"68":{"start":{"line":69,"column":0},"end":{"line":69,"column":22}},"69":{"start":{"line":70,"column":0},"end":{"line":70,"column":26}},"70":{"start":{"line":71,"column":0},"end":{"line":71,"column":75}},"71":{"start":{"line":72,"column":0},"end":{"line":72,"column":8}},"72":{"start":{"line":73,"column":0},"end":{"line":73,"column":23}},"73":{"start":{"line":74,"column":0},"end":{"line":74,"column":37}},"74":{"start":{"line":75,"column":0},"end":{"line":75,"column":66}},"75":{"start":{"line":76,"column":0},"end":{"line":76,"column":9}},"76":{"start":{"line":77,"column":0},"end":{"line":77,"column":9}},"78":{"start":{"line":79,"column":0},"end":{"line":79,"column":36}},"79":{"start":{"line":80,"column":0},"end":{"line":80,"column":97}},"80":{"start":{"line":81,"column":0},"end":{"line":81,"column":102}},"81":{"start":{"line":82,"column":0},"end":{"line":82,"column":73}},"82":{"start":{"line":83,"column":0},"end":{"line":83,"column":18}},"84":{"start":{"line":85,"column":0},"end":{"line":85,"column":32}},"85":{"start":{"line":86,"column":0},"end":{"line":86,"column":21}},"86":{"start":{"line":87,"column":0},"end":{"line":87,"column":19}},"87":{"start":{"line":88,"column":0},"end":{"line":88,"column":9}},"88":{"start":{"line":89,"column":0},"end":{"line":89,"column":36}},"89":{"start":{"line":90,"column":0},"end":{"line":90,"column":29}},"90":{"start":{"line":91,"column":0},"end":{"line":91,"column":26}},"91":{"start":{"line":92,"column":0},"end":{"line":92,"column":44}},"92":{"start":{"line":93,"column":0},"end":{"line":93,"column":28}},"93":{"start":{"line":94,"column":0},"end":{"line":94,"column":73}},"94":{"start":{"line":95,"column":0},"end":{"line":95,"column":76}},"95":{"start":{"line":96,"column":0},"end":{"line":96,"column":24}},"96":{"start":{"line":97,"column":0},"end":{"line":97,"column":35}},"97":{"start":{"line":98,"column":0},"end":{"line":98,"column":31}},"98":{"start":{"line":99,"column":0},"end":{"line":99,"column":113}},"99":{"start":{"line":100,"column":0},"end":{"line":100,"column":15}},"100":{"start":{"line":101,"column":0},"end":{"line":101,"column":24}},"101":{"start":{"line":102,"column":0},"end":{"line":102,"column":5}},"102":{"start":{"line":103,"column":0},"end":{"line":103,"column":3}},"104":{"start":{"line":105,"column":0},"end":{"line":105,"column":47}},"105":{"start":{"line":106,"column":0},"end":{"line":106,"column":24}},"106":{"start":{"line":107,"column":0},"end":{"line":107,"column":42}},"107":{"start":{"line":108,"column":0},"end":{"line":108,"column":26}},"108":{"start":{"line":109,"column":0},"end":{"line":109,"column":23}},"109":{"start":{"line":110,"column":0},"end":{"line":110,"column":14}},"110":{"start":{"line":111,"column":0},"end":{"line":111,"column":7}},"111":{"start":{"line":112,"column":0},"end":{"line":112,"column":21}},"112":{"start":{"line":113,"column":0},"end":{"line":113,"column":71}},"113":{"start":{"line":114,"column":0},"end":{"line":114,"column":8}},"114":{"start":{"line":115,"column":0},"end":{"line":115,"column":7}},"115":{"start":{"line":116,"column":0},"end":{"line":116,"column":21}},"116":{"start":{"line":117,"column":0},"end":{"line":117,"column":104}},"117":{"start":{"line":118,"column":0},"end":{"line":118,"column":8}},"118":{"start":{"line":119,"column":0},"end":{"line":119,"column":7}},"119":{"start":{"line":120,"column":0},"end":{"line":120,"column":3}},"121":{"start":{"line":122,"column":0},"end":{"line":122,"column":51}},"122":{"start":{"line":123,"column":0},"end":{"line":123,"column":52}},"123":{"start":{"line":124,"column":0},"end":{"line":124,"column":25}},"124":{"start":{"line":125,"column":0},"end":{"line":125,"column":19}},"125":{"start":{"line":126,"column":0},"end":{"line":126,"column":9}},"126":{"start":{"line":127,"column":0},"end":{"line":127,"column":51}},"127":{"start":{"line":128,"column":0},"end":{"line":128,"column":27}},"128":{"start":{"line":129,"column":0},"end":{"line":129,"column":24}},"129":{"start":{"line":130,"column":0},"end":{"line":130,"column":35}},"130":{"start":{"line":131,"column":0},"end":{"line":131,"column":31}},"131":{"start":{"line":132,"column":0},"end":{"line":132,"column":113}},"132":{"start":{"line":133,"column":0},"end":{"line":133,"column":47}},"133":{"start":{"line":134,"column":0},"end":{"line":134,"column":26}},"134":{"start":{"line":135,"column":0},"end":{"line":135,"column":7}},"135":{"start":{"line":136,"column":0},"end":{"line":136,"column":15}},"136":{"start":{"line":137,"column":0},"end":{"line":137,"column":28}},"137":{"start":{"line":138,"column":0},"end":{"line":138,"column":5}},"138":{"start":{"line":139,"column":0},"end":{"line":139,"column":3}},"140":{"start":{"line":141,"column":0},"end":{"line":141,"column":31}},"141":{"start":{"line":142,"column":0},"end":{"line":142,"column":24}},"142":{"start":{"line":143,"column":0},"end":{"line":143,"column":21}},"143":{"start":{"line":144,"column":0},"end":{"line":144,"column":19}},"144":{"start":{"line":145,"column":0},"end":{"line":145,"column":9}},"145":{"start":{"line":146,"column":0},"end":{"line":146,"column":29}},"146":{"start":{"line":147,"column":0},"end":{"line":147,"column":24}},"147":{"start":{"line":148,"column":0},"end":{"line":148,"column":84}},"148":{"start":{"line":149,"column":0},"end":{"line":149,"column":24}},"149":{"start":{"line":150,"column":0},"end":{"line":150,"column":35}},"150":{"start":{"line":151,"column":0},"end":{"line":151,"column":31}},"151":{"start":{"line":152,"column":0},"end":{"line":152,"column":113}},"152":{"start":{"line":153,"column":0},"end":{"line":153,"column":15}},"153":{"start":{"line":154,"column":0},"end":{"line":154,"column":24}},"154":{"start":{"line":155,"column":0},"end":{"line":155,"column":5}},"155":{"start":{"line":156,"column":0},"end":{"line":156,"column":3}},"157":{"start":{"line":158,"column":0},"end":{"line":158,"column":68}},"158":{"start":{"line":159,"column":0},"end":{"line":159,"column":60}},"160":{"start":{"line":161,"column":0},"end":{"line":161,"column":10}},"161":{"start":{"line":162,"column":0},"end":{"line":162,"column":31}},"162":{"start":{"line":163,"column":0},"end":{"line":163,"column":33}},"163":{"start":{"line":164,"column":0},"end":{"line":164,"column":13}},"164":{"start":{"line":165,"column":0},"end":{"line":165,"column":61}},"165":{"start":{"line":166,"column":0},"end":{"line":166,"column":58}},"166":{"start":{"line":167,"column":0},"end":{"line":167,"column":57}},"167":{"start":{"line":168,"column":0},"end":{"line":168,"column":109}},"168":{"start":{"line":169,"column":0},"end":{"line":169,"column":16}},"169":{"start":{"line":170,"column":0},"end":{"line":170,"column":14}},"170":{"start":{"line":171,"column":0},"end":{"line":171,"column":77}},"171":{"start":{"line":172,"column":0},"end":{"line":172,"column":15}},"173":{"start":{"line":174,"column":0},"end":{"line":174,"column":57}},"174":{"start":{"line":175,"column":0},"end":{"line":175,"column":34}},"175":{"start":{"line":176,"column":0},"end":{"line":176,"column":98}},"176":{"start":{"line":177,"column":0},"end":{"line":177,"column":47}},"177":{"start":{"line":178,"column":0},"end":{"line":178,"column":19}},"178":{"start":{"line":179,"column":0},"end":{"line":179,"column":98}},"180":{"start":{"line":181,"column":0},"end":{"line":181,"column":19}},"181":{"start":{"line":182,"column":0},"end":{"line":182,"column":86}},"182":{"start":{"line":183,"column":0},"end":{"line":183,"column":14}},"183":{"start":{"line":184,"column":0},"end":{"line":184,"column":19}},"184":{"start":{"line":185,"column":0},"end":{"line":185,"column":80}},"185":{"start":{"line":186,"column":0},"end":{"line":186,"column":19}},"186":{"start":{"line":187,"column":0},"end":{"line":187,"column":16}},"188":{"start":{"line":189,"column":0},"end":{"line":189,"column":12}},"190":{"start":{"line":191,"column":0},"end":{"line":191,"column":53}},"191":{"start":{"line":192,"column":0},"end":{"line":192,"column":98}},"192":{"start":{"line":193,"column":0},"end":{"line":193,"column":97}},"193":{"start":{"line":194,"column":0},"end":{"line":194,"column":12}},"195":{"start":{"line":196,"column":0},"end":{"line":196,"column":54}},"196":{"start":{"line":197,"column":0},"end":{"line":197,"column":65}},"197":{"start":{"line":198,"column":0},"end":{"line":198,"column":36}},"198":{"start":{"line":199,"column":0},"end":{"line":199,"column":14}},"199":{"start":{"line":200,"column":0},"end":{"line":200,"column":48}},"200":{"start":{"line":201,"column":0},"end":{"line":201,"column":84}},"201":{"start":{"line":202,"column":0},"end":{"line":202,"column":37}},"202":{"start":{"line":203,"column":0},"end":{"line":203,"column":117}},"203":{"start":{"line":204,"column":0},"end":{"line":204,"column":13}},"204":{"start":{"line":205,"column":0},"end":{"line":205,"column":14}},"205":{"start":{"line":206,"column":0},"end":{"line":206,"column":12}},"206":{"start":{"line":207,"column":0},"end":{"line":207,"column":10}},"208":{"start":{"line":209,"column":0},"end":{"line":209,"column":1}},"210":{"start":{"line":211,"column":0},"end":{"line":211,"column":19}}},"s":{"0":1,"1":1,"11":24,"12":24,"13":24,"14":24,"15":24,"16":24,"17":24,"18":24,"19":192,"20":192,"21":1824,"22":1824,"23":1824,"24":1824,"25":1824,"26":1824,"28":1824,"29":1824,"30":192,"31":192,"32":24,"33":24,"34":24,"36":24,"43":1,"45":1,"46":1,"47":1,"48":1,"49":1,"50":1,"51":1,"52":1,"54":12,"55":12,"56":12,"57":12,"58":12,"59":12,"60":12,"61":12,"62":12,"63":12,"64":12,"66":12,"67":3,"68":3,"69":3,"70":3,"71":3,"72":3,"73":0,"74":0,"75":3,"76":12,"78":12,"79":6,"80":6,"81":3,"82":12,"84":12,"85":2,"86":2,"87":2,"88":2,"89":1,"90":1,"91":1,"92":1,"93":1,"94":1,"95":1,"96":1,"97":1,"98":1,"99":2,"100":2,"101":2,"102":2,"104":12,"105":1,"106":1,"107":1,"108":1,"109":1,"110":1,"111":1,"112":1,"113":1,"114":1,"115":1,"116":1,"117":1,"118":1,"119":1,"121":12,"122":1,"123":1,"124":1,"125":1,"126":1,"127":1,"128":1,"129":0,"130":0,"131":0,"132":0,"133":0,"134":0,"135":1,"136":1,"137":1,"138":1,"140":12,"141":0,"142":0,"143":0,"144":0,"145":0,"146":0,"147":0,"148":0,"149":0,"150":0,"151":0,"152":0,"153":0,"154":0,"155":0,"157":12,"158":12,"160":12,"161":12,"162":12,"163":12,"164":12,"165":12,"166":12,"167":12,"168":12,"169":12,"170":12,"171":12,"173":12,"174":12,"175":12,"176":12,"177":12,"178":12,"180":12,"181":12,"182":12,"183":12,"184":1,"185":1,"186":1,"188":12,"190":12,"191":12,"192":12,"193":12,"195":12,"196":12,"197":12,"198":12,"199":12,"200":12,"201":12,"202":6,"203":12,"204":12,"205":12,"206":12,"208":12,"210":1},"branchMap":{"0":{"type":"branch","line":12,"loc":{"start":{"line":12,"column":0},"end":{"line":37,"column":1}},"locations":[{"start":{"line":12,"column":0},"end":{"line":37,"column":1}}]},"1":{"type":"branch","line":19,"loc":{"start":{"line":19,"column":18},"end":{"line":32,"column":16}},"locations":[{"start":{"line":19,"column":18},"end":{"line":32,"column":16}}]},"2":{"type":"branch","line":21,"loc":{"start":{"line":21,"column":21},"end":{"line":30,"column":23}},"locations":[{"start":{"line":21,"column":21},"end":{"line":30,"column":23}}]},"3":{"type":"branch","line":29,"loc":{"start":{"line":29,"column":26},"end":{"line":29,"column":43}},"locations":[{"start":{"line":29,"column":26},"end":{"line":29,"column":43}}]},"4":{"type":"branch","line":29,"loc":{"start":{"line":29,"column":38},"end":{"line":29,"column":71}},"locations":[{"start":{"line":29,"column":38},"end":{"line":29,"column":71}}]},"5":{"type":"branch","line":29,"loc":{"start":{"line":29,"column":52},"end":{"line":29,"column":67}},"locations":[{"start":{"line":29,"column":52},"end":{"line":29,"column":67}}]},"6":{"type":"branch","line":26,"loc":{"start":{"line":26,"column":25},"end":{"line":26,"column":64}},"locations":[{"start":{"line":26,"column":25},"end":{"line":26,"column":64}}]},"7":{"type":"branch","line":44,"loc":{"start":{"line":44,"column":19},"end":{"line":44,"column":147}},"locations":[{"start":{"line":44,"column":19},"end":{"line":44,"column":147}}]},"8":{"type":"branch","line":44,"loc":{"start":{"line":44,"column":81},"end":{"line":44,"column":145}},"locations":[{"start":{"line":44,"column":81},"end":{"line":44,"column":145}}]},"9":{"type":"branch","line":44,"loc":{"start":{"line":44,"column":116},"end":{"line":44,"column":144}},"locations":[{"start":{"line":44,"column":116},"end":{"line":44,"column":144}}]},"10":{"type":"branch","line":55,"loc":{"start":{"line":55,"column":0},"end":{"line":209,"column":1}},"locations":[{"start":{"line":55,"column":0},"end":{"line":209,"column":1}}]},"11":{"type":"branch","line":158,"loc":{"start":{"line":158,"column":32},"end":{"line":158,"column":68}},"locations":[{"start":{"line":158,"column":32},"end":{"line":158,"column":68}}]},"12":{"type":"branch","line":159,"loc":{"start":{"line":159,"column":24},"end":{"line":159,"column":49}},"locations":[{"start":{"line":159,"column":24},"end":{"line":159,"column":49}}]},"13":{"type":"branch","line":159,"loc":{"start":{"line":159,"column":34},"end":{"line":159,"column":60}},"locations":[{"start":{"line":159,"column":34},"end":{"line":159,"column":60}}]},"14":{"type":"branch","line":168,"loc":{"start":{"line":168,"column":23},"end":{"line":168,"column":109}},"locations":[{"start":{"line":168,"column":23},"end":{"line":168,"column":109}}]},"15":{"type":"branch","line":177,"loc":{"start":{"line":177,"column":13},"end":{"line":177,"column":34}},"locations":[{"start":{"line":177,"column":13},"end":{"line":177,"column":34}}]},"16":{"type":"branch","line":177,"loc":{"start":{"line":177,"column":22},"end":{"line":177,"column":47}},"locations":[{"start":{"line":177,"column":22},"end":{"line":177,"column":47}}]},"17":{"type":"branch","line":179,"loc":{"start":{"line":179,"column":79},"end":{"line":179,"column":98}},"locations":[{"start":{"line":179,"column":79},"end":{"line":179,"column":98}}]},"18":{"type":"branch","line":184,"loc":{"start":{"line":184,"column":9},"end":{"line":187,"column":16}},"locations":[{"start":{"line":184,"column":9},"end":{"line":187,"column":16}}]},"19":{"type":"branch","line":201,"loc":{"start":{"line":201,"column":27},"end":{"line":201,"column":84}},"locations":[{"start":{"line":201,"column":27},"end":{"line":201,"column":84}}]},"20":{"type":"branch","line":67,"loc":{"start":{"line":67,"column":12},"end":{"line":77,"column":5}},"locations":[{"start":{"line":67,"column":12},"end":{"line":77,"column":5}}]},"21":{"type":"branch","line":69,"loc":{"start":{"line":69,"column":12},"end":{"line":72,"column":7}},"locations":[{"start":{"line":69,"column":12},"end":{"line":72,"column":7}}]},"22":{"type":"branch","line":79,"loc":{"start":{"line":79,"column":29},"end":{"line":83,"column":5}},"locations":[{"start":{"line":79,"column":29},"end":{"line":83,"column":5}}]},"23":{"type":"branch","line":80,"loc":{"start":{"line":80,"column":41},"end":{"line":81,"column":45}},"locations":[{"start":{"line":80,"column":41},"end":{"line":81,"column":45}}]},"24":{"type":"branch","line":81,"loc":{"start":{"line":81,"column":38},"end":{"line":81,"column":102}},"locations":[{"start":{"line":81,"column":38},"end":{"line":81,"column":102}}]},"25":{"type":"branch","line":81,"loc":{"start":{"line":81,"column":100},"end":{"line":82,"column":73}},"locations":[{"start":{"line":81,"column":100},"end":{"line":82,"column":73}}]},"26":{"type":"branch","line":85,"loc":{"start":{"line":85,"column":2},"end":{"line":103,"column":3}},"locations":[{"start":{"line":85,"column":2},"end":{"line":103,"column":3}}]},"27":{"type":"branch","line":89,"loc":{"start":{"line":89,"column":34},"end":{"line":100,"column":6}},"locations":[{"start":{"line":89,"column":34},"end":{"line":100,"column":6}}]},"28":{"type":"branch","line":99,"loc":{"start":{"line":99,"column":14},"end":{"line":99,"column":111}},"locations":[{"start":{"line":99,"column":14},"end":{"line":99,"column":111}}]},"29":{"type":"branch","line":99,"loc":{"start":{"line":99,"column":67},"end":{"line":99,"column":85}},"locations":[{"start":{"line":99,"column":67},"end":{"line":99,"column":85}}]},"30":{"type":"branch","line":105,"loc":{"start":{"line":105,"column":2},"end":{"line":120,"column":3}},"locations":[{"start":{"line":105,"column":2},"end":{"line":120,"column":3}}]},"31":{"type":"branch","line":109,"loc":{"start":{"line":109,"column":12},"end":{"line":119,"column":5}},"locations":[{"start":{"line":109,"column":12},"end":{"line":119,"column":5}}]},"32":{"type":"branch","line":113,"loc":{"start":{"line":113,"column":53},"end":{"line":113,"column":67}},"locations":[{"start":{"line":113,"column":53},"end":{"line":113,"column":67}}]},"33":{"type":"branch","line":122,"loc":{"start":{"line":122,"column":2},"end":{"line":139,"column":3}},"locations":[{"start":{"line":122,"column":2},"end":{"line":139,"column":3}}]},"34":{"type":"branch","line":123,"loc":{"start":{"line":123,"column":45},"end":{"line":123,"column":52}},"locations":[{"start":{"line":123,"column":45},"end":{"line":123,"column":52}}]},"35":{"type":"branch","line":129,"loc":{"start":{"line":129,"column":4},"end":{"line":136,"column":6}},"locations":[{"start":{"line":129,"column":4},"end":{"line":136,"column":6}}]},"36":{"type":"branch","line":202,"loc":{"start":{"line":202,"column":20},"end":{"line":203,"column":117}},"locations":[{"start":{"line":202,"column":20},"end":{"line":203,"column":117}}]},"37":{"type":"branch","line":203,"loc":{"start":{"line":203,"column":64},"end":{"line":203,"column":82}},"locations":[{"start":{"line":203,"column":64},"end":{"line":203,"column":82}}]},"38":{"type":"branch","line":203,"loc":{"start":{"line":203,"column":73},"end":{"line":203,"column":92}},"locations":[{"start":{"line":203,"column":73},"end":{"line":203,"column":92}}]}},"b":{"0":[24],"1":[192],"2":[1824],"3":[1823],"4":[1],"5":[0],"6":[1],"7":[24],"8":[240],"9":[2400],"10":[12],"11":[9],"12":[3],"13":[2],"14":[9],"15":[3],"16":[9],"17":[3],"18":[1],"19":[8],"20":[3],"21":[3],"22":[6],"23":[3],"24":[0],"25":[3],"26":[2],"27":[1],"28":[1],"29":[0],"30":[1],"31":[1],"32":[0],"33":[1],"34":[0],"35":[0],"36":[6],"37":[1],"38":[5]},"fnMap":{"0":{"name":"Board","decl":{"start":{"line":12,"column":0},"end":{"line":37,"column":1}},"loc":{"start":{"line":12,"column":0},"end":{"line":37,"column":1}},"line":12},"1":{"name":"onClick","decl":{"start":{"line":26,"column":25},"end":{"line":26,"column":64}},"loc":{"start":{"line":26,"column":25},"end":{"line":26,"column":64}},"line":26},"2":{"name":"emptyBoard","decl":{"start":{"line":44,"column":19},"end":{"line":44,"column":147}},"loc":{"start":{"line":44,"column":19},"end":{"line":44,"column":147}},"line":44},"3":{"name":"App","decl":{"start":{"line":55,"column":0},"end":{"line":209,"column":1}},"loc":{"start":{"line":55,"column":0},"end":{"line":209,"column":1}},"line":55},"4":{"name":"handleStart","decl":{"start":{"line":85,"column":2},"end":{"line":103,"column":3}},"loc":{"start":{"line":85,"column":2},"end":{"line":103,"column":3}},"line":85},"5":{"name":"applyMoveResult","decl":{"start":{"line":105,"column":2},"end":{"line":120,"column":3}},"loc":{"start":{"line":105,"column":2},"end":{"line":120,"column":3}},"line":105},"6":{"name":"handleMove","decl":{"start":{"line":122,"column":2},"end":{"line":139,"column":3}},"loc":{"start":{"line":122,"column":2},"end":{"line":139,"column":3}},"line":122},"7":{"name":"handleQuit","decl":{"start":{"line":141,"column":2},"end":{"line":156,"column":3}},"loc":{"start":{"line":141,"column":2},"end":{"line":156,"column":3}},"line":141}},"f":{"0":24,"1":1,"2":24,"3":12,"4":2,"5":1,"6":1,"7":0}}
,"/Users/jeff/dev_projects/Coding_Agent_worklfow/frontend/src/api.test.ts": {"path":"/Users/jeff/dev_projects/Coding_Agent_worklfow/frontend/src/api.test.ts","all":false,"statementMap":{"0":{"start":{"line":1,"column":0},"end":{"line":1,"column":46}},"1":{"start":{"line":2,"column":0},"end":{"line":2,"column":43}},"4":{"start":{"line":5,"column":0},"end":{"line":5,"column":97}},"6":{"start":{"line":7,"column":0},"end":{"line":7,"column":28}},"7":{"start":{"line":8,"column":0},"end":{"line":8,"column":57}},"8":{"start":{"line":9,"column":0},"end":{"line":9,"column":48}},"9":{"start":{"line":10,"column":0},"end":{"line":10,"column":34}},"10":{"start":{"line":11,"column":0},"end":{"line":11,"column":41}},"11":{"start":{"line":12,"column":0},"end":{"line":12,"column":5}},"13":{"start":{"line":14,"column":0},"end":{"line":14,"column":57}},"14":{"start":{"line":15,"column":0},"end":{"line":15,"column":50}},"15":{"start":{"line":16,"column":0},"end":{"line":16,"column":51}},"16":{"start":{"line":17,"column":0},"end":{"line":17,"column":5}},"17":{"start":{"line":18,"column":0},"end":{"line":18,"column":3}},"19":{"start":{"line":20,"column":0},"end":{"line":20,"column":28}},"20":{"start":{"line":21,"column":0},"end":{"line":21,"column":37}},"21":{"start":{"line":22,"column":0},"end":{"line":22,"column":39}},"22":{"start":{"line":23,"column":0},"end":{"line":23,"column":5}},"23":{"start":{"line":24,"column":0},"end":{"line":24,"column":3}}},"s":{"0":1,"1":1,"4":1,"6":1,"7":1,"8":1,"9":1,"10":1,"11":1,"13":1,"14":1,"15":1,"16":1,"17":1,"19":1,"20":1,"21":1,"22":1,"23":1},"branchMap":{"0":{"type":"branch","line":5,"loc":{"start":{"line":5,"column":14},"end":{"line":5,"column":97}},"locations":[{"start":{"line":5,"column":14},"end":{"line":5,"column":97}}]},"1":{"type":"branch","line":7,"loc":{"start":{"line":7,"column":21},"end":{"line":18,"column":3}},"locations":[{"start":{"line":7,"column":21},"end":{"line":18,"column":3}}]},"2":{"type":"branch","line":8,"loc":{"start":{"line":8,"column":50},"end":{"line":12,"column":3}},"locations":[{"start":{"line":8,"column":50},"end":{"line":12,"column":3}}]},"3":{"type":"branch","line":14,"loc":{"start":{"line":14,"column":50},"end":{"line":17,"column":3}},"locations":[{"start":{"line":14,"column":50},"end":{"line":17,"column":3}}]},"4":{"type":"branch","line":20,"loc":{"start":{"line":20,"column":21},"end":{"line":24,"column":3}},"locations":[{"start":{"line":20,"column":21},"end":{"line":24,"column":3}}]},"5":{"type":"branch","line":21,"loc":{"start":{"line":21,"column":30},"end":{"line":23,"column":3}},"locations":[{"start":{"line":21,"column":30},"end":{"line":23,"column":3}}]}},"b":{"0":[2],"1":[1],"2":[1],"3":[1],"4":[1],"5":[1]},"fnMap":{"0":{"name":"error","decl":{"start":{"line":5,"column":14},"end":{"line":5,"column":97}},"loc":{"start":{"line":5,"column":14},"end":{"line":5,"column":97}},"line":5}},"f":{"0":2}}
,"/Users/jeff/dev_projects/Coding_Agent_worklfow/frontend/src/api.ts": {"path":"/Users/jeff/dev_projects/Coding_Agent_worklfow/frontend/src/api.ts","all":false,"statementMap":{"10":{"start":{"line":11,"column":0},"end":{"line":11,"column":78}},"12":{"start":{"line":13,"column":0},"end":{"line":13,"column":33}},"13":{"start":{"line":14,"column":0},"end":{"line":14,"column":30}},"14":{"start":{"line":15,"column":0},"end":{"line":15,"column":1}},"16":{"start":{"line":17,"column":0},"end":{"line":17,"column":53}},"17":{"start":{"line":18,"column":0},"end":{"line":18,"column":16}},"18":{"start":{"line":19,"column":0},"end":{"line":19,"column":80}},"19":{"start":{"line":20,"column":0},"end":{"line":20,"column":55}},"20":{"start":{"line":21,"column":0},"end":{"line":21,"column":27}},"21":{"start":{"line":22,"column":0},"end":{"line":22,"column":17}},"22":{"start":{"line":23,"column":0},"end":{"line":23,"column":38}},"23":{"start":{"line":24,"column":0},"end":{"line":24,"column":36}},"24":{"start":{"line":25,"column":0},"end":{"line":25,"column":8}},"25":{"start":{"line":26,"column":0},"end":{"line":26,"column":16}},"26":{"start":{"line":27,"column":0},"end":{"line":27,"column":3}},"27":{"start":{"line":28,"column":0},"end":{"line":28,"column":34}},"28":{"start":{"line":29,"column":0},"end":{"line":29,"column":1}},"30":{"start":{"line":31,"column":0},"end":{"line":31,"column":64}},"31":{"start":{"line":32,"column":0},"end":{"line":32,"column":53}},"32":{"start":{"line":33,"column":0},"end":{"line":33,"column":36}},"33":{"start":{"line":34,"column":0},"end":{"line":34,"column":1}},"35":{"start":{"line":36,"column":0},"end":{"line":36,"column":63}},"36":{"start":{"line":37,"column":0},"end":{"line":37,"column":70}},"37":{"start":{"line":38,"column":0},"end":{"line":38,"column":40}},"38":{"start":{"line":39,"column":0},"end":{"line":39,"column":1}},"40":{"start":{"line":41,"column":0},"end":{"line":41,"column":93}},"41":{"start":{"line":42,"column":0},"end":{"line":42,"column":67}},"42":{"start":{"line":43,"column":0},"end":{"line":43,"column":19}},"43":{"start":{"line":44,"column":0},"end":{"line":44,"column":52}},"44":{"start":{"line":45,"column":0},"end":{"line":45,"column":34}},"45":{"start":{"line":46,"column":0},"end":{"line":46,"column":5}},"46":{"start":{"line":47,"column":0},"end":{"line":47,"column":35}},"47":{"start":{"line":48,"column":0},"end":{"line":48,"column":1}},"49":{"start":{"line":50,"column":0},"end":{"line":50,"column":71}},"50":{"start":{"line":51,"column":0},"end":{"line":51,"column":85}},"51":{"start":{"line":52,"column":0},"end":{"line":52,"column":35}},"52":{"start":{"line":53,"column":0},"end":{"line":53,"column":1}},"54":{"start":{"line":55,"column":0},"end":{"line":55,"column":86}},"55":{"start":{"line":56,"column":0},"end":{"line":56,"column":90}},"56":{"start":{"line":57,"column":0},"end":{"line":57,"column":65}},"57":{"start":{"line":58,"column":0},"end":{"line":58,"column":44}},"58":{"start":{"line":59,"column":0},"end":{"line":59,"column":66}},"59":{"start":{"line":60,"column":0},"end":{"line":60,"column":74}},"60":{"start":{"line":61,"column":0},"end":{"line":61,"column":55}},"61":{"start":{"line":62,"column":0},"end":{"line":62,"column":57}},"62":{"start":{"line":63,"column":0},"end":{"line":63,"column":60}},"63":{"start":{"line":64,"column":0},"end":{"line":64,"column":39}},"64":{"start":{"line":65,"column":0},"end":{"line":65,"column":44}},"65":{"start":{"line":66,"column":0},"end":{"line":66,"column":43}},"66":{"start":{"line":67,"column":0},"end":{"line":67,"column":43}},"67":{"start":{"line":68,"column":0},"end":{"line":68,"column":40}},"68":{"start":{"line":69,"column":0},"end":{"line":69,"column":42}},"69":{"start":{"line":70,"column":0},"end":{"line":70,"column":58}},"70":{"start":{"line":71,"column":0},"end":{"line":71,"column":4}},"71":{"start":{"line":72,"column":0},"end":{"line":72,"column":100}},"72":{"start":{"line":73,"column":0},"end":{"line":73,"column":91}},"73":{"start":{"line":74,"column":0},"end":{"line":74,"column":1}}},"s":{"10":1,"12":6,"13":6,"14":6,"16":6,"17":6,"18":1,"19":1,"20":1,"21":1,"22":0,"23":0,"24":0,"25":1,"26":1,"27":5,"28":5,"30":3,"31":3,"32":3,"33":3,"35":2,"36":2,"37":2,"38":2,"40":1,"41":1,"42":1,"43":1,"44":1,"45":1,"46":1,"47":1,"49":0,"50":0,"51":0,"52":0,"54":1,"55":3,"56":3,"57":3,"58":3,"59":3,"60":3,"61":3,"62":3,"63":3,"64":3,"65":3,"66":3,"67":3,"68":3,"69":3,"70":3,"71":3,"72":3,"73":3},"branchMap":{"0":{"type":"branch","line":13,"loc":{"start":{"line":13,"column":0},"end":{"line":15,"column":1}},"locations":[{"start":{"line":13,"column":0},"end":{"line":15,"column":1}}]},"1":{"type":"branch","line":17,"loc":{"start":{"line":17,"column":0},"end":{"line":29,"column":1}},"locations":[{"start":{"line":17,"column":0},"end":{"line":29,"column":1}}]},"2":{"type":"branch","line":18,"loc":{"start":{"line":18,"column":15},"end":{"line":27,"column":3}},"locations":[{"start":{"line":18,"column":15},"end":{"line":27,"column":3}}]},"3":{"type":"branch","line":22,"loc":{"start":{"line":22,"column":6},"end":{"line":25,"column":8}},"locations":[{"start":{"line":22,"column":6},"end":{"line":25,"column":8}}]},"4":{"type":"branch","line":27,"loc":{"start":{"line":27,"column":2},"end":{"line":29,"column":1}},"locations":[{"start":{"line":27,"column":2},"end":{"line":29,"column":1}}]},"5":{"type":"branch","line":31,"loc":{"start":{"line":31,"column":0},"end":{"line":34,"column":1}},"locations":[{"start":{"line":31,"column":0},"end":{"line":34,"column":1}}]},"6":{"type":"branch","line":36,"loc":{"start":{"line":36,"column":0},"end":{"line":39,"column":1}},"locations":[{"start":{"line":36,"column":0},"end":{"line":39,"column":1}}]},"7":{"type":"branch","line":41,"loc":{"start":{"line":41,"column":0},"end":{"line":48,"column":1}},"locations":[{"start":{"line":41,"column":0},"end":{"line":48,"column":1}}]},"8":{"type":"branch","line":55,"loc":{"start":{"line":55,"column":7},"end":{"line":74,"column":1}},"locations":[{"start":{"line":55,"column":7},"end":{"line":74,"column":1}}]},"9":{"type":"branch","line":56,"loc":{"start":{"line":56,"column":35},"end":{"line":56,"column":90}},"locations":[{"start":{"line":56,"column":35},"end":{"line":56,"column":90}}]},"10":{"type":"branch","line":57,"loc":{"start":{"line":57,"column":18},"end":{"line":57,"column":62}},"locations":[{"start":{"line":57,"column":18},"end":{"line":57,"column":62}}]},"11":{"type":"branch","line":57,"loc":{"start":{"line":57,"column":26},"end":{"line":57,"column":65}},"locations":[{"start":{"line":57,"column":26},"end":{"line":57,"column":65}}]},"12":{"type":"branch","line":72,"loc":{"start":{"line":72,"column":33},"end":{"line":72,"column":83}},"locations":[{"start":{"line":72,"column":33},"end":{"line":72,"column":83}}]},"13":{"type":"branch","line":72,"loc":{"start":{"line":72,"column":61},"end":{"line":72,"column":92}},"locations":[{"start":{"line":72,"column":61},"end":{"line":72,"column":92}}]},"14":{"type":"branch","line":72,"loc":{"start":{"line":72,"column":83},"end":{"line":72,"column":100}},"locations":[{"start":{"line":72,"column":83},"end":{"line":72,"column":100}}]},"15":{"type":"branch","line":73,"loc":{"start":{"line":73,"column":50},"end":{"line":73,"column":70}},"locations":[{"start":{"line":73,"column":50},"end":{"line":73,"column":70}}]},"16":{"type":"branch","line":73,"loc":{"start":{"line":73,"column":59},"end":{"line":73,"column":81}},"locations":[{"start":{"line":73,"column":59},"end":{"line":73,"column":81}}]}},"b":{"0":[6],"1":[6],"2":[1],"3":[0],"4":[5],"5":[3],"6":[2],"7":[1],"8":[3],"9":[1],"10":[2],"11":[1],"12":[1],"13":[2],"14":[1],"15":[0],"16":[0]},"fnMap":{"0":{"name":"buildUrl","decl":{"start":{"line":13,"column":0},"end":{"line":15,"column":1}},"loc":{"start":{"line":13,"column":0},"end":{"line":15,"column":1}},"line":13},"1":{"name":"handle","decl":{"start":{"line":17,"column":0},"end":{"line":29,"column":1}},"loc":{"start":{"line":17,"column":0},"end":{"line":29,"column":1}},"line":17},"2":{"name":"fetchReadiness","decl":{"start":{"line":31,"column":0},"end":{"line":34,"column":1}},"loc":{"start":{"line":31,"column":0},"end":{"line":34,"column":1}},"line":31},"3":{"name":"startGame","decl":{"start":{"line":36,"column":0},"end":{"line":39,"column":1}},"loc":{"start":{"line":36,"column":0},"end":{"line":39,"column":1}},"line":36},"4":{"name":"makeMove","decl":{"start":{"line":41,"column":0},"end":{"line":48,"column":1}},"loc":{"start":{"line":41,"column":0},"end":{"line":48,"column":1}},"line":41},"5":{"name":"quitGame","decl":{"start":{"line":50,"column":0},"end":{"line":53,"column":1}},"loc":{"start":{"line":50,"column":0},"end":{"line":53,"column":1}},"line":50},"6":{"name":"mapError","decl":{"start":{"line":55,"column":7},"end":{"line":74,"column":1}},"loc":{"start":{"line":55,"column":7},"end":{"line":74,"column":1}},"line":55}},"f":{"0":6,"1":6,"2":3,"3":2,"4":1,"5":0,"6":3}}
}
